{"numFailedTestSuites":0,"numFailedTests":0,"numPassedTestSuites":4,"numPassedTests":102,"numPendingTestSuites":0,"numPendingTests":0,"numRuntimeErrorTestSuites":0,"numTodoTests":0,"numTotalTestSuites":4,"numTotalTests":102,"openHandles":[],"snapshot":{"added":0,"didUpdate":false,"failure":false,"filesAdded":0,"filesRemoved":0,"filesRemovedList":[],"filesUnmatched":0,"filesUpdated":0,"matched":0,"total":0,"unchecked":0,"uncheckedKeysByFile":[],"unmatched":0,"updated":0},"startTime":1776255916308,"success":true,"testResults":[{"assertionResults":[{"ancestorTitles":["Blog Model - Creation"],"duration":135,"failing":false,"failureDetails":[],"failureMessages":[],"fullName":"Blog Model - Creation should create a valid blog post","invocations":1,"location":null,"numPassingAsserts":11,"retryReasons":[],"startAt":1776255919541,"status":"passed","title":"should create a valid blog post"},{"ancestorTitles":["Blog Model - Creation"],"duration":24,"failing":false,"failureDetails":[],"failureMessages":[],"fullName":"Blog Model - Creation should auto-generate excerpt from content if not provided","invocations":1,"location":null,"numPassingAsserts":3,"retryReasons":[],"startAt":1776255919678,"status":"passed","title":"should auto-generate excerpt from content if not provided"},{"ancestorTitles":["Blog Model - Creation"],"duration":31,"failing":false,"failureDetails":[],"failureMessages":[],"fullName":"Blog Model - Creation should use provided excerpt if given","invocations":1,"location":null,"numPassingAsserts":1,"retryReasons":[],"startAt":1776255919703,"status":"passed","title":"should use provided excerpt if given"},{"ancestorTitles":["Blog Model - Creation"],"duration":23,"failing":false,"failureDetails":[],"failureMessages":[],"fullName":"Blog Model - Creation should set default values correctly","invocations":1,"location":null,"numPassingAsserts":7,"retryReasons":[],"startAt":1776255919735,"status":"passed","title":"should set default values correctly"},{"ancestorTitles":["Blog Model - Validation"],"duration":19,"failing":false,"failureDetails":[],"failureMessages":[],"fullName":"Blog Model - Validation should reject blog with title shorter than 5 characters","invocations":1,"location":null,"numPassingAsserts":1,"retryReasons":[],"startAt":1776255919759,"status":"passed","title":"should reject blog with title shorter than 5 characters"},{"ancestorTitles":["Blog Model - Validation"],"duration":11,"failing":false,"failureDetails":[],"failureMessages":[],"fullName":"Blog Model - Validation should reject blog with title longer than 200 characters","invocations":1,"location":null,"numPassingAsserts":1,"retryReasons":[],"startAt":1776255919780,"status":"passed","title":"should reject blog with title longer than 200 characters"},{"ancestorTitles":["Blog Model - Validation"],"duration":8,"failing":false,"failureDetails":[],"failureMessages":[],"fullName":"Blog Model - Validation should reject blog with content shorter than 50 characters","invocations":1,"location":null,"numPassingAsserts":1,"retryReasons":[],"startAt":1776255919793,"status":"passed","title":"should reject blog with content shorter than 50 characters"},{"ancestorTitles":["Blog Model - Validation"],"duration":8,"failing":false,"failureDetails":[],"failureMessages":[],"fullName":"Blog Model - Validation should reject blog without title","invocations":1,"location":null,"numPassingAsserts":1,"retryReasons":[],"startAt":1776255919802,"status":"passed","title":"should reject blog without title"},{"ancestorTitles":["Blog Model - Validation"],"duration":7,"failing":false,"failureDetails":[],"failureMessages":[],"fullName":"Blog Model - Validation should reject blog without content","invocations":1,"location":null,"numPassingAsserts":1,"retryReasons":[],"startAt":1776255919811,"status":"passed","title":"should reject blog without content"},{"ancestorTitles":["Blog Model - Validation"],"duration":9,"failing":false,"failureDetails":[],"failureMessages":[],"fullName":"Blog Model - Validation should reject blog without category","invocations":1,"location":null,"numPassingAsserts":1,"retryReasons":[],"startAt":1776255919820,"status":"passed","title":"should reject blog without category"},{"ancestorTitles":["Blog Model - Validation"],"duration":6,"failing":false,"failureDetails":[],"failureMessages":[],"fullName":"Blog Model - Validation should reject blog with invalid category","invocations":1,"location":null,"numPassingAsserts":1,"retryReasons":[],"startAt":1776255919830,"status":"passed","title":"should reject blog with invalid category"},{"ancestorTitles":["Blog Model - Validation"],"duration":7,"failing":false,"failureDetails":[],"failureMessages":[],"fullName":"Blog Model - Validation should reject blog with invalid author role","invocations":1,"location":null,"numPassingAsserts":1,"retryReasons":[],"startAt":1776255919836,"status":"passed","title":"should reject blog with invalid author role"},{"ancestorTitles":["Blog Model - Categories"],"duration":12,"failing":false,"failureDetails":[],"failureMessages":[],"fullName":"Blog Model - Categories should accept valid category: Nutrition Tips","invocations":1,"location":null,"numPassingAsserts":1,"retryReasons":[],"startAt":1776255919843,"status":"passed","title":"should accept valid category: Nutrition Tips"},{"ancestorTitles":["Blog Model - Categories"],"duration":9,"failing":false,"failureDetails":[],"failureMessages":[],"fullName":"Blog Model - Categories should accept valid category: Weight Management","invocations":1,"location":null,"numPassingAsserts":1,"retryReasons":[],"startAt":1776255919856,"status":"passed","title":"should accept valid category: Weight Management"},{"ancestorTitles":["Blog Model - Categories"],"duration":10,"failing":false,"failureDetails":[],"failureMessages":[],"fullName":"Blog Model - Categories should accept valid category: Healthy Recipes","invocations":1,"location":null,"numPassingAsserts":1,"retryReasons":[],"startAt":1776255919865,"status":"passed","title":"should accept valid category: Healthy Recipes"},{"ancestorTitles":["Blog Model - Categories"],"duration":12,"failing":false,"failureDetails":[],"failureMessages":[],"fullName":"Blog Model - Categories should accept valid category: Fitness & Exercise","invocations":1,"location":null,"numPassingAsserts":1,"retryReasons":[],"startAt":1776255919876,"status":"passed","title":"should accept valid category: Fitness & Exercise"},{"ancestorTitles":["Blog Model - Categories"],"duration":9,"failing":false,"failureDetails":[],"failureMessages":[],"fullName":"Blog Model - Categories should accept valid category: Mental Health & Wellness","invocations":1,"location":null,"numPassingAsserts":1,"retryReasons":[],"startAt":1776255919889,"status":"passed","title":"should accept valid category: Mental Health & Wellness"},{"ancestorTitles":["Blog Model - Categories"],"duration":8,"failing":false,"failureDetails":[],"failureMessages":[],"fullName":"Blog Model - Categories should accept valid category: Disease Management","invocations":1,"location":null,"numPassingAsserts":1,"retryReasons":[],"startAt":1776255919899,"status":"passed","title":"should accept valid category: Disease Management"},{"ancestorTitles":["Blog Model - Tags"],"duration":10,"failing":false,"failureDetails":[],"failureMessages":[],"fullName":"Blog Model - Tags should save tags as array","invocations":1,"location":null,"numPassingAsserts":2,"retryReasons":[],"startAt":1776255919908,"status":"passed","title":"should save tags as array"},{"ancestorTitles":["Blog Model - Tags"],"duration":9,"failing":false,"failureDetails":[],"failureMessages":[],"fullName":"Blog Model - Tags should allow blog without tags","invocations":1,"location":null,"numPassingAsserts":1,"retryReasons":[],"startAt":1776255919919,"status":"passed","title":"should allow blog without tags"},{"ancestorTitles":["Blog Model - Likes"],"duration":25,"failing":false,"failureDetails":[],"failureMessages":[],"fullName":"Blog Model - Likes should track likes count correctly","invocations":1,"location":null,"numPassingAsserts":1,"retryReasons":[],"startAt":1776255919929,"status":"passed","title":"should track likes count correctly"},{"ancestorTitles":["Blog Model - Likes"],"duration":11,"failing":false,"failureDetails":[],"failureMessages":[],"fullName":"Blog Model - Likes should start with zero likes","invocations":1,"location":null,"numPassingAsserts":2,"retryReasons":[],"startAt":1776255919955,"status":"passed","title":"should start with zero likes"},{"ancestorTitles":["Blog Model - Likes"],"duration":26,"failing":false,"failureDetails":[],"failureMessages":[],"fullName":"Blog Model - Likes should update count after removing a like","invocations":1,"location":null,"numPassingAsserts":2,"retryReasons":[],"startAt":1776255919967,"status":"passed","title":"should update count after removing a like"},{"ancestorTitles":["Blog Model - Comments"],"duration":23,"failing":false,"failureDetails":[],"failureMessages":[],"fullName":"Blog Model - Comments should add comments and update count","invocations":1,"location":null,"numPassingAsserts":3,"retryReasons":[],"startAt":1776255919994,"status":"passed","title":"should add comments and update count"},{"ancestorTitles":["Blog Model - Comments"],"duration":33,"failing":false,"failureDetails":[],"failureMessages":[],"fullName":"Blog Model - Comments should support multiple comments","invocations":1,"location":null,"numPassingAsserts":1,"retryReasons":[],"startAt":1776255920018,"status":"passed","title":"should support multiple comments"},{"ancestorTitles":["Blog Model - Reports"],"duration":17,"failing":false,"failureDetails":[],"failureMessages":[],"fullName":"Blog Model - Reports should track reports and update isReported flag","invocations":1,"location":null,"numPassingAsserts":2,"retryReasons":[],"startAt":1776255920052,"status":"passed","title":"should track reports and update isReported flag"},{"ancestorTitles":["Blog Model - Reports"],"duration":11,"failing":false,"failureDetails":[],"failureMessages":[],"fullName":"Blog Model - Reports should not be flagged with zero reports","invocations":1,"location":null,"numPassingAsserts":1,"retryReasons":[],"startAt":1776255920070,"status":"passed","title":"should not be flagged with zero reports"},{"ancestorTitles":["Blog Model - Virtual & Middleware"],"duration":10,"failing":false,"failureDetails":[],"failureMessages":[],"fullName":"Blog Model - Virtual & Middleware should generate correct author label for dietitian","invocations":1,"location":null,"numPassingAsserts":1,"retryReasons":[],"startAt":1776255920082,"status":"passed","title":"should generate correct author label for dietitian"},{"ancestorTitles":["Blog Model - Virtual & Middleware"],"duration":9,"failing":false,"failureDetails":[],"failureMessages":[],"fullName":"Blog Model - Virtual & Middleware should generate correct author label for user","invocations":1,"location":null,"numPassingAsserts":1,"retryReasons":[],"startAt":1776255920093,"status":"passed","title":"should generate correct author label for user"},{"ancestorTitles":["Blog Model - Virtual & Middleware"],"duration":10,"failing":false,"failureDetails":[],"failureMessages":[],"fullName":"Blog Model - Virtual & Middleware should strip HTML tags from excerpt","invocations":1,"location":null,"numPassingAsserts":3,"retryReasons":[],"startAt":1776255920102,"status":"passed","title":"should strip HTML tags from excerpt"}],"endTime":1776255920215,"message":"","name":"C:\\Users\\srira\\OneDrive\\Academics\\WBD-BackendDev-Updated\\WBD-BackendDev-Updated\\backend\\tests\\blog.test.js","startTime":1776255916389,"status":"passed","summary":""},{"assertionResults":[{"ancestorTitles":["User Model - Validation"],"duration":271,"failing":false,"failureDetails":[],"failureMessages":[],"fullName":"User Model - Validation should create a valid user profile","invocations":1,"location":null,"numPassingAsserts":5,"retryReasons":[],"startAt":1776255922574,"status":"passed","title":"should create a valid user profile"},{"ancestorTitles":["User Model - Validation"],"duration":23,"failing":false,"failureDetails":[],"failureMessages":[],"fullName":"User Model - Validation should reject user with name shorter than 5 characters","invocations":1,"location":null,"numPassingAsserts":1,"retryReasons":[],"startAt":1776255922846,"status":"passed","title":"should reject user with name shorter than 5 characters"},{"ancestorTitles":["User Model - Validation"],"duration":19,"failing":false,"failureDetails":[],"failureMessages":[],"fullName":"User Model - Validation should reject user with invalid gender","invocations":1,"location":null,"numPassingAsserts":1,"retryReasons":[],"startAt":1776255922870,"status":"passed","title":"should reject user with invalid gender"},{"ancestorTitles":["User Model - Validation"],"duration":14,"failing":false,"failureDetails":[],"failureMessages":[],"fullName":"User Model - Validation should reject user without required email","invocations":1,"location":null,"numPassingAsserts":1,"retryReasons":[],"startAt":1776255922890,"status":"passed","title":"should reject user without required email"},{"ancestorTitles":["User Model - Validation"],"duration":19,"failing":false,"failureDetails":[],"failureMessages":[],"fullName":"User Model - Validation should reject user without required address","invocations":1,"location":null,"numPassingAsserts":1,"retryReasons":[],"startAt":1776255922905,"status":"passed","title":"should reject user without required address"},{"ancestorTitles":["User Model - Validation"],"duration":19,"failing":false,"failureDetails":[],"failureMessages":[],"fullName":"User Model - Validation should trim email and convert to lowercase","invocations":1,"location":null,"numPassingAsserts":1,"retryReasons":[],"startAt":1776255922925,"status":"passed","title":"should trim email and convert to lowercase"},{"ancestorTitles":["UserAuth Model - Authentication"],"duration":99,"failing":false,"failureDetails":[],"failureMessages":[],"fullName":"UserAuth Model - Authentication should create a UserAuth entry with hashed password","invocations":1,"location":null,"numPassingAsserts":4,"retryReasons":[],"startAt":1776255922945,"status":"passed","title":"should create a UserAuth entry with hashed password"},{"ancestorTitles":["UserAuth Model - Authentication"],"duration":119,"failing":false,"failureDetails":[],"failureMessages":[],"fullName":"UserAuth Model - Authentication should not allow duplicate email in UserAuth","invocations":1,"location":null,"numPassingAsserts":1,"retryReasons":[],"startAt":1776255923044,"status":"passed","title":"should not allow duplicate email in UserAuth"},{"ancestorTitles":["UserAuth Model - Authentication"],"duration":79,"failing":false,"failureDetails":[],"failureMessages":[],"fullName":"UserAuth Model - Authentication should only allow valid roles","invocations":1,"location":null,"numPassingAsserts":1,"retryReasons":[],"startAt":1776255923164,"status":"passed","title":"should only allow valid roles"},{"ancestorTitles":["Password Hashing"],"duration":151,"failing":false,"failureDetails":[],"failureMessages":[],"fullName":"Password Hashing should correctly hash and verify passwords","invocations":1,"location":null,"numPassingAsserts":3,"retryReasons":[],"startAt":1776255923244,"status":"passed","title":"should correctly hash and verify passwords"},{"ancestorTitles":["Password Hashing"],"duration":137,"failing":false,"failureDetails":[],"failureMessages":[],"fullName":"Password Hashing should reject incorrect password","invocations":1,"location":null,"numPassingAsserts":1,"retryReasons":[],"startAt":1776255923396,"status":"passed","title":"should reject incorrect password"},{"ancestorTitles":["Password Hashing"],"duration":302,"failing":false,"failureDetails":[],"failureMessages":[],"fullName":"Password Hashing should produce unique hashes for same password","invocations":1,"location":null,"numPassingAsserts":3,"retryReasons":[],"startAt":1776255923534,"status":"passed","title":"should produce unique hashes for same password"},{"ancestorTitles":["JWT Token"],"duration":16,"failing":false,"failureDetails":[],"failureMessages":[],"fullName":"JWT Token should generate and verify a valid JWT token","invocations":1,"location":null,"numPassingAsserts":5,"retryReasons":[],"startAt":1776255923837,"status":"passed","title":"should generate and verify a valid JWT token"},{"ancestorTitles":["JWT Token"],"duration":23,"failing":false,"failureDetails":[],"failureMessages":[],"fullName":"JWT Token should reject token with wrong secret","invocations":1,"location":null,"numPassingAsserts":1,"retryReasons":[],"startAt":1776255923854,"status":"passed","title":"should reject token with wrong secret"},{"ancestorTitles":["JWT Token"],"duration":15,"failing":false,"failureDetails":[],"failureMessages":[],"fullName":"JWT Token should reject expired token","invocations":1,"location":null,"numPassingAsserts":1,"retryReasons":[],"startAt":1776255923878,"status":"passed","title":"should reject expired token"},{"ancestorTitles":["Dietitian Model - Validation"],"duration":23,"failing":false,"failureDetails":[],"failureMessages":[],"fullName":"Dietitian Model - Validation should create a valid dietitian","invocations":1,"location":null,"numPassingAsserts":2,"retryReasons":[],"startAt":1776255923895,"status":"passed","title":"should create a valid dietitian"},{"ancestorTitles":["Dietitian Model - Validation"],"duration":16,"failing":false,"failureDetails":[],"failureMessages":[],"fullName":"Dietitian Model - Validation should reject invalid license number format","invocations":1,"location":null,"numPassingAsserts":1,"retryReasons":[],"startAt":1776255923919,"status":"passed","title":"should reject invalid license number format"},{"ancestorTitles":["Dietitian Model - Validation"],"duration":19,"failing":false,"failureDetails":[],"failureMessages":[],"fullName":"Dietitian Model - Validation should reject dietitian under 18","invocations":1,"location":null,"numPassingAsserts":1,"retryReasons":[],"startAt":1776255923936,"status":"passed","title":"should reject dietitian under 18"},{"ancestorTitles":["Organization Model - Validation"],"duration":19,"failing":false,"failureDetails":[],"failureMessages":[],"fullName":"Organization Model - Validation should create a valid organization","invocations":1,"location":null,"numPassingAsserts":2,"retryReasons":[],"startAt":1776255923956,"status":"passed","title":"should create a valid organization"},{"ancestorTitles":["Organization Model - Validation"],"duration":17,"failing":false,"failureDetails":[],"failureMessages":[],"fullName":"Organization Model - Validation should reject invalid organization type","invocations":1,"location":null,"numPassingAsserts":1,"retryReasons":[],"startAt":1776255923975,"status":"passed","title":"should reject invalid organization type"},{"ancestorTitles":["Organization Model - Validation"],"duration":17,"failing":false,"failureDetails":[],"failureMessages":[],"fullName":"Organization Model - Validation should reject invalid org license format","invocations":1,"location":null,"numPassingAsserts":1,"retryReasons":[],"startAt":1776255923992,"status":"passed","title":"should reject invalid org license format"}],"endTime":1776255924139,"message":"","name":"C:\\Users\\srira\\OneDrive\\Academics\\WBD-BackendDev-Updated\\WBD-BackendDev-Updated\\backend\\tests\\auth.test.js","startTime":1776255920248,"status":"passed","summary":""},{"assertionResults":[{"ancestorTitles":["Payment Model - Creation"],"duration":77,"failing":false,"failureDetails":[],"failureMessages":[],"fullName":"Payment Model - Creation should create a valid payment record","invocations":1,"location":null,"numPassingAsserts":6,"retryReasons":[],"startAt":1776255926415,"status":"passed","title":"should create a valid payment record"},{"ancestorTitles":["Payment Model - Creation"],"duration":12,"failing":false,"failureDetails":[],"failureMessages":[],"fullName":"Payment Model - Creation should set default paymentStatus to pending","invocations":1,"location":null,"numPassingAsserts":1,"retryReasons":[],"startAt":1776255926494,"status":"passed","title":"should set default paymentStatus to pending"},{"ancestorTitles":["Payment Model - Creation"],"duration":25,"failing":false,"failureDetails":[],"failureMessages":[],"fullName":"Payment Model - Creation should set default currency to INR","invocations":1,"location":null,"numPassingAsserts":1,"retryReasons":[],"startAt":1776255926508,"status":"passed","title":"should set default currency to INR"},{"ancestorTitles":["Payment Model - Creation"],"duration":9,"failing":false,"failureDetails":[],"failureMessages":[],"fullName":"Payment Model - Creation should reject negative amount","invocations":1,"location":null,"numPassingAsserts":1,"retryReasons":[],"startAt":1776255926534,"status":"passed","title":"should reject negative amount"},{"ancestorTitles":["Payment Model - Creation"],"duration":6,"failing":false,"failureDetails":[],"failureMessages":[],"fullName":"Payment Model - Creation should reject invalid plan type","invocations":1,"location":null,"numPassingAsserts":1,"retryReasons":[],"startAt":1776255926543,"status":"passed","title":"should reject invalid plan type"},{"ancestorTitles":["Payment Model - Creation"],"duration":6,"failing":false,"failureDetails":[],"failureMessages":[],"fullName":"Payment Model - Creation should reject invalid billing cycle","invocations":1,"location":null,"numPassingAsserts":1,"retryReasons":[],"startAt":1776255926550,"status":"passed","title":"should reject invalid billing cycle"},{"ancestorTitles":["Payment Model - Creation"],"duration":7,"failing":false,"failureDetails":[],"failureMessages":[],"fullName":"Payment Model - Creation should reject invalid payment method","invocations":1,"location":null,"numPassingAsserts":1,"retryReasons":[],"startAt":1776255926556,"status":"passed","title":"should reject invalid payment method"},{"ancestorTitles":["Payment Model - Creation"],"duration":26,"failing":false,"failureDetails":[],"failureMessages":[],"fullName":"Payment Model - Creation should reject duplicate transactionId","invocations":1,"location":null,"numPassingAsserts":1,"retryReasons":[],"startAt":1776255926564,"status":"passed","title":"should reject duplicate transactionId"},{"ancestorTitles":["Payment Model - Creation"],"duration":16,"failing":false,"failureDetails":[],"failureMessages":[],"fullName":"Payment Model - Creation should reject duplicate orderId","invocations":1,"location":null,"numPassingAsserts":1,"retryReasons":[],"startAt":1776255926591,"status":"passed","title":"should reject duplicate orderId"},{"ancestorTitles":["Payment Model - Plan Types"],"duration":8,"failing":false,"failureDetails":[],"failureMessages":[],"fullName":"Payment Model - Plan Types should accept plan type: basic","invocations":1,"location":null,"numPassingAsserts":1,"retryReasons":[],"startAt":1776255926608,"status":"passed","title":"should accept plan type: basic"},{"ancestorTitles":["Payment Model - Plan Types"],"duration":9,"failing":false,"failureDetails":[],"failureMessages":[],"fullName":"Payment Model - Plan Types should accept plan type: premium","invocations":1,"location":null,"numPassingAsserts":1,"retryReasons":[],"startAt":1776255926617,"status":"passed","title":"should accept plan type: premium"},{"ancestorTitles":["Payment Model - Plan Types"],"duration":11,"failing":false,"failureDetails":[],"failureMessages":[],"fullName":"Payment Model - Plan Types should accept plan type: ultimate","invocations":1,"location":null,"numPassingAsserts":1,"retryReasons":[],"startAt":1776255926627,"status":"passed","title":"should accept plan type: ultimate"},{"ancestorTitles":["Payment Model - Subscription Activation"],"duration":31,"failing":false,"failureDetails":[],"failureMessages":[],"fullName":"Payment Model - Subscription Activation should activate subscription with correct dates (monthly)","invocations":1,"location":null,"numPassingAsserts":6,"retryReasons":[],"startAt":1776255926638,"status":"passed","title":"should activate subscription with correct dates (monthly)"},{"ancestorTitles":["Payment Model - Subscription Activation"],"duration":25,"failing":false,"failureDetails":[],"failureMessages":[],"fullName":"Payment Model - Subscription Activation should activate subscription with correct dates (yearly)","invocations":1,"location":null,"numPassingAsserts":2,"retryReasons":[],"startAt":1776255926670,"status":"passed","title":"should activate subscription with correct dates (yearly)"},{"ancestorTitles":["Payment Model - Subscription Activation"],"duration":25,"failing":false,"failureDetails":[],"failureMessages":[],"fullName":"Payment Model - Subscription Activation should set correct features for basic plan","invocations":1,"location":null,"numPassingAsserts":6,"retryReasons":[],"startAt":1776255926696,"status":"passed","title":"should set correct features for basic plan"},{"ancestorTitles":["Payment Model - Subscription Activation"],"duration":19,"failing":false,"failureDetails":[],"failureMessages":[],"fullName":"Payment Model - Subscription Activation should set correct features for premium plan","invocations":1,"location":null,"numPassingAsserts":5,"retryReasons":[],"startAt":1776255926722,"status":"passed","title":"should set correct features for premium plan"},{"ancestorTitles":["Payment Model - Subscription Activation"],"duration":19,"failing":false,"failureDetails":[],"failureMessages":[],"fullName":"Payment Model - Subscription Activation should set correct features for ultimate plan (unlimited)","invocations":1,"location":null,"numPassingAsserts":6,"retryReasons":[],"startAt":1776255926742,"status":"passed","title":"should set correct features for ultimate plan (unlimited)"},{"ancestorTitles":["Payment Model - Subscription Activation"],"duration":49,"failing":false,"failureDetails":[],"failureMessages":[],"fullName":"Payment Model - Subscription Activation should deactivate previous subscriptions on new activation","invocations":1,"location":null,"numPassingAsserts":3,"retryReasons":[],"startAt":1776255926762,"status":"passed","title":"should deactivate previous subscriptions on new activation"},{"ancestorTitles":["Payment Model - Static Methods"],"duration":27,"failing":false,"failureDetails":[],"failureMessages":[],"fullName":"Payment Model - Static Methods should find active subscription for a user","invocations":1,"location":null,"numPassingAsserts":3,"retryReasons":[],"startAt":1776255926811,"status":"passed","title":"should find active subscription for a user"},{"ancestorTitles":["Payment Model - Static Methods"],"duration":11,"failing":false,"failureDetails":[],"failureMessages":[],"fullName":"Payment Model - Static Methods should return null when no active subscription exists","invocations":1,"location":null,"numPassingAsserts":1,"retryReasons":[],"startAt":1776255926839,"status":"passed","title":"should return null when no active subscription exists"},{"ancestorTitles":["Payment Model - Static Methods"],"duration":30,"failing":false,"failureDetails":[],"failureMessages":[],"fullName":"Payment Model - Static Methods should get payment history sorted by date","invocations":1,"location":null,"numPassingAsserts":2,"retryReasons":[],"startAt":1776255926851,"status":"passed","title":"should get payment history sorted by date"},{"ancestorTitles":["Payment Model - Static Methods"],"duration":51,"failing":false,"failureDetails":[],"failureMessages":[],"fullName":"Payment Model - Static Methods should respect limit on payment history","invocations":1,"location":null,"numPassingAsserts":1,"retryReasons":[],"startAt":1776255926882,"status":"passed","title":"should respect limit on payment history"},{"ancestorTitles":["Payment Model - Deactivation"],"duration":36,"failing":false,"failureDetails":[],"failureMessages":[],"fullName":"Payment Model - Deactivation should deactivate subscription","invocations":1,"location":null,"numPassingAsserts":2,"retryReasons":[],"startAt":1776255926935,"status":"passed","title":"should deactivate subscription"}],"endTime":1776255927066,"message":"","name":"C:\\Users\\srira\\OneDrive\\Academics\\WBD-BackendDev-Updated\\WBD-BackendDev-Updated\\backend\\tests\\payment.test.js","startTime":1776255924147,"status":"passed","summary":""},{"assertionResults":[{"ancestorTitles":["Booking Model - Creation"],"duration":96,"failing":false,"failureDetails":[],"failureMessages":[],"fullName":"Booking Model - Creation should create a valid booking","invocations":1,"location":null,"numPassingAsserts":7,"retryReasons":[],"startAt":1776255929351,"status":"passed","title":"should create a valid booking"},{"ancestorTitles":["Booking Model - Creation"],"duration":42,"failing":false,"failureDetails":[],"failureMessages":[],"fullName":"Booking Model - Creation should set default paymentStatus to completed","invocations":1,"location":null,"numPassingAsserts":1,"retryReasons":[],"startAt":1776255929448,"status":"passed","title":"should set default paymentStatus to completed"},{"ancestorTitles":["Booking Model - Creation"],"duration":11,"failing":false,"failureDetails":[],"failureMessages":[],"fullName":"Booking Model - Creation should reject booking without userId","invocations":1,"location":null,"numPassingAsserts":1,"retryReasons":[],"startAt":1776255929491,"status":"passed","title":"should reject booking without userId"},{"ancestorTitles":["Booking Model - Creation"],"duration":11,"failing":false,"failureDetails":[],"failureMessages":[],"fullName":"Booking Model - Creation should reject booking without dietitianId","invocations":1,"location":null,"numPassingAsserts":1,"retryReasons":[],"startAt":1776255929503,"status":"passed","title":"should reject booking without dietitianId"},{"ancestorTitles":["Booking Model - Creation"],"duration":11,"failing":false,"failureDetails":[],"failureMessages":[],"fullName":"Booking Model - Creation should reject booking without required email","invocations":1,"location":null,"numPassingAsserts":1,"retryReasons":[],"startAt":1776255929515,"status":"passed","title":"should reject booking without required email"},{"ancestorTitles":["Booking Model - Creation"],"duration":10,"failing":false,"failureDetails":[],"failureMessages":[],"fullName":"Booking Model - Creation should reject booking with invalid time format","invocations":1,"location":null,"numPassingAsserts":1,"retryReasons":[],"startAt":1776255929527,"status":"passed","title":"should reject booking with invalid time format"},{"ancestorTitles":["Booking Model - Creation"],"duration":12,"failing":false,"failureDetails":[],"failureMessages":[],"fullName":"Booking Model - Creation should accept time in HH:MM format","invocations":1,"location":null,"numPassingAsserts":1,"retryReasons":[],"startAt":1776255929538,"status":"passed","title":"should accept time in HH:MM format"},{"ancestorTitles":["Booking Model - Creation"],"duration":9,"failing":false,"failureDetails":[],"failureMessages":[],"fullName":"Booking Model - Creation should reject invalid consultation type","invocations":1,"location":null,"numPassingAsserts":1,"retryReasons":[],"startAt":1776255929550,"status":"passed","title":"should reject invalid consultation type"},{"ancestorTitles":["Booking Model - Creation"],"duration":10,"failing":false,"failureDetails":[],"failureMessages":[],"fullName":"Booking Model - Creation should accept Online consultation type","invocations":1,"location":null,"numPassingAsserts":1,"retryReasons":[],"startAt":1776255929560,"status":"passed","title":"should accept Online consultation type"},{"ancestorTitles":["Booking Model - Creation"],"duration":11,"failing":false,"failureDetails":[],"failureMessages":[],"fullName":"Booking Model - Creation should accept In-person consultation type","invocations":1,"location":null,"numPassingAsserts":1,"retryReasons":[],"startAt":1776255929571,"status":"passed","title":"should accept In-person consultation type"},{"ancestorTitles":["Booking Model - Creation"],"duration":8,"failing":false,"failureDetails":[],"failureMessages":[],"fullName":"Booking Model - Creation should reject negative amount","invocations":1,"location":null,"numPassingAsserts":1,"retryReasons":[],"startAt":1776255929583,"status":"passed","title":"should reject negative amount"},{"ancestorTitles":["Booking Model - Creation"],"duration":30,"failing":false,"failureDetails":[],"failureMessages":[],"fullName":"Booking Model - Creation should reject duplicate paymentId","invocations":1,"location":null,"numPassingAsserts":1,"retryReasons":[],"startAt":1776255929592,"status":"passed","title":"should reject duplicate paymentId"},{"ancestorTitles":["Booking Model - Status"],"duration":13,"failing":false,"failureDetails":[],"failureMessages":[],"fullName":"Booking Model - Status should allow confirmed status","invocations":1,"location":null,"numPassingAsserts":1,"retryReasons":[],"startAt":1776255929623,"status":"passed","title":"should allow confirmed status"},{"ancestorTitles":["Booking Model - Status"],"duration":11,"failing":false,"failureDetails":[],"failureMessages":[],"fullName":"Booking Model - Status should allow cancelled status","invocations":1,"location":null,"numPassingAsserts":1,"retryReasons":[],"startAt":1776255929637,"status":"passed","title":"should allow cancelled status"},{"ancestorTitles":["Booking Model - Status"],"duration":13,"failing":false,"failureDetails":[],"failureMessages":[],"fullName":"Booking Model - Status should allow completed status","invocations":1,"location":null,"numPassingAsserts":1,"retryReasons":[],"startAt":1776255929649,"status":"passed","title":"should allow completed status"},{"ancestorTitles":["Booking Model - Status"],"duration":9,"failing":false,"failureDetails":[],"failureMessages":[],"fullName":"Booking Model - Status should allow no-show status","invocations":1,"location":null,"numPassingAsserts":1,"retryReasons":[],"startAt":1776255929663,"status":"passed","title":"should allow no-show status"},{"ancestorTitles":["Booking Model - Status"],"duration":9,"failing":false,"failureDetails":[],"failureMessages":[],"fullName":"Booking Model - Status should reject invalid status","invocations":1,"location":null,"numPassingAsserts":1,"retryReasons":[],"startAt":1776255929673,"status":"passed","title":"should reject invalid status"},{"ancestorTitles":["Booking Model - Payment Methods"],"duration":11,"failing":false,"failureDetails":[],"failureMessages":[],"fullName":"Booking Model - Payment Methods should accept payment method: card","invocations":1,"location":null,"numPassingAsserts":1,"retryReasons":[],"startAt":1776255929682,"status":"passed","title":"should accept payment method: card"},{"ancestorTitles":["Booking Model - Payment Methods"],"duration":11,"failing":false,"failureDetails":[],"failureMessages":[],"fullName":"Booking Model - Payment Methods should accept payment method: netbanking","invocations":1,"location":null,"numPassingAsserts":1,"retryReasons":[],"startAt":1776255929694,"status":"passed","title":"should accept payment method: netbanking"},{"ancestorTitles":["Booking Model - Payment Methods"],"duration":12,"failing":false,"failureDetails":[],"failureMessages":[],"fullName":"Booking Model - Payment Methods should accept payment method: upi","invocations":1,"location":null,"numPassingAsserts":1,"retryReasons":[],"startAt":1776255929705,"status":"passed","title":"should accept payment method: upi"},{"ancestorTitles":["Booking Model - Payment Methods"],"duration":11,"failing":false,"failureDetails":[],"failureMessages":[],"fullName":"Booking Model - Payment Methods should accept payment method: emi","invocations":1,"location":null,"numPassingAsserts":1,"retryReasons":[],"startAt":1776255929717,"status":"passed","title":"should accept payment method: emi"},{"ancestorTitles":["Booking Model - Payment Methods"],"duration":9,"failing":false,"failureDetails":[],"failureMessages":[],"fullName":"Booking Model - Payment Methods should accept payment method: UPI","invocations":1,"location":null,"numPassingAsserts":1,"retryReasons":[],"startAt":1776255929729,"status":"passed","title":"should accept payment method: UPI"},{"ancestorTitles":["Booking Model - Payment Methods"],"duration":11,"failing":false,"failureDetails":[],"failureMessages":[],"fullName":"Booking Model - Payment Methods should accept payment method: Credit Card","invocations":1,"location":null,"numPassingAsserts":1,"retryReasons":[],"startAt":1776255929738,"status":"passed","title":"should accept payment method: Credit Card"},{"ancestorTitles":["Booking Model - Payment Methods"],"duration":11,"failing":false,"failureDetails":[],"failureMessages":[],"fullName":"Booking Model - Payment Methods should accept payment method: PayPal","invocations":1,"location":null,"numPassingAsserts":1,"retryReasons":[],"startAt":1776255929750,"status":"passed","title":"should accept payment method: PayPal"},{"ancestorTitles":["Booking Model - Payment Methods"],"duration":8,"failing":false,"failureDetails":[],"failureMessages":[],"fullName":"Booking Model - Payment Methods should reject invalid payment method","invocations":1,"location":null,"numPassingAsserts":1,"retryReasons":[],"startAt":1776255929761,"status":"passed","title":"should reject invalid payment method"},{"ancestorTitles":["BlockedSlot Model"],"duration":9,"failing":false,"failureDetails":[],"failureMessages":[],"fullName":"BlockedSlot Model should create a valid blocked slot","invocations":1,"location":null,"numPassingAsserts":3,"retryReasons":[],"startAt":1776255929770,"status":"passed","title":"should create a valid blocked slot"},{"ancestorTitles":["BlockedSlot Model"],"duration":7,"failing":false,"failureDetails":[],"failureMessages":[],"fullName":"BlockedSlot Model should set default reason","invocations":1,"location":null,"numPassingAsserts":1,"retryReasons":[],"startAt":1776255929780,"status":"passed","title":"should set default reason"},{"ancestorTitles":["BlockedSlot Model"],"duration":13,"failing":false,"failureDetails":[],"failureMessages":[],"fullName":"BlockedSlot Model should reject duplicate slot for same dietitian, date, time","invocations":1,"location":null,"numPassingAsserts":1,"retryReasons":[],"startAt":1776255929788,"status":"passed","title":"should reject duplicate slot for same dietitian, date, time"}],"endTime":1776255929890,"message":"","name":"C:\\Users\\srira\\OneDrive\\Academics\\WBD-BackendDev-Updated\\WBD-BackendDev-Updated\\backend\\tests\\booking.test.js","startTime":1776255927093,"status":"passed","summary":""}],"wasInterrupted":false}
